
Copyright (C) 1994-2021 Synopsys, Inc.
This Synopsys software and all associated documentation are proprietary to Synopsys, Inc.
and may only be used pursuant to the terms and conditions of a written license agreement
with Synopsys, Inc. All other use, reproduction, modification, or distribution of the
Synopsys software or the associated documentation is strictly prohibited.
Tool: Synplify Pro (R)
Build: R-2021.03L-SP1
Install: C:\lscc\diamond\3.12\synpbase
OS: Windows 6.1

Hostname: VMBOX_WINDOWS7

Implementation : impl1
Synopsys HDL compiler and linker, Version comp202103synp2, Build 093R, Built Aug 10 2021 09:15:36, @

Modified Files: 16
FID:  path (prevtimestamp, timestamp)
0        C:\Kevan\A3035\P3035\Entities.vhd (N/A, 2020-12-10 09:04:33)
1        C:\Kevan\A3035\P3035\MULT.vhd (N/A, 2024-06-12 11:34:50)
2        C:\Kevan\A3035\P3035\Main.vhd (N/A, 2024-06-12 11:34:37)
3        C:\Kevan\A3035\P3035\OSR8V3.vhd (N/A, 2022-09-14 16:57:02)
4        C:\Kevan\A3035\P3035\RAM.vhd (N/A, 2024-06-12 11:34:47)
5        C:\Kevan\A3035\P3035\ROM.vhd (N/A, 2024-06-12 11:34:44)
6        C:\lscc\diamond\3.12\cae_library\synthesis\vhdl\machxo2.vhd (N/A, 2018-11-14 23:32:12)
7        C:\lscc\diamond\3.12\synpbase\lib\vhd\arith.vhd (N/A, 2021-08-10 09:07:02)
8        C:\lscc\diamond\3.12\synpbase\lib\vhd\hyperents.vhd (N/A, 2021-08-10 09:07:02)
9        C:\lscc\diamond\3.12\synpbase\lib\vhd\location.map (N/A, 2021-08-10 09:07:02)
10       C:\lscc\diamond\3.12\synpbase\lib\vhd\numeric.vhd (N/A, 2021-08-10 09:07:02)
11       C:\lscc\diamond\3.12\synpbase\lib\vhd\snps_haps_pkg.vhd (N/A, 2021-08-10 09:07:02)
12       C:\lscc\diamond\3.12\synpbase\lib\vhd\std.vhd (N/A, 2021-08-10 09:07:02)
13       C:\lscc\diamond\3.12\synpbase\lib\vhd\std1164.vhd (N/A, 2021-08-10 09:07:02)
14       C:\lscc\diamond\3.12\synpbase\lib\vhd\umr_capim.vhd (N/A, 2021-08-10 09:07:02)
15       C:\lscc\diamond\3.12\synpbase\lib\vhd\unsigned.vhd (N/A, 2021-08-10 09:07:02)

*******************************************************************
Modules that may have changed as a result of file changes: 0
MID:  lib.cell.view

*******************************************************************
Unmodified files: 0
FID:  path (timestamp)

*******************************************************************
Unchanged modules: 0
MID:  lib.cell.view
